# JRE version: OpenJDK Runtime Environment (8.0_242-b01) (build 1.8.0_242-release-1644-b01)
# Java VM: OpenJDK 64-Bit Server VM (25.242-b01 mixed mode windows-amd64 compressed oops)
Heap:
 PSYoungGen      total 647168K, used 530056K [0x00000000d5580000, 0x0000000100000000, 0x0000000100000000)
  eden space 594432K, 84% used [0x00000000d5580000,0x00000000f40c0c00,0x00000000f9a00000)
  from space 52736K, 51% used [0x00000000fcc80000,0x00000000fe6e14d0,0x0000000100000000)
  to   space 51712K, 0% used [0x00000000f9a00000,0x00000000f9a00000,0x00000000fcc80000)
 ParOldGen       total 332800K, used 82966K [0x0000000080000000, 0x0000000094500000, 0x00000000d5580000)
  object space 332800K, 24% used [0x0000000080000000,0x0000000085105a60,0x0000000094500000)
 Metaspace       used 107322K, capacity 112344K, committed 112424K, reserved 1146880K
  class space    used 13863K, capacity 14828K, committed 14896K, reserved 1048576K
GC Heap History (10 events):
Event: 131.079 GC heap before
{Heap before GC invocations=18 (full 4):
 PSYoungGen      total 465408K, used 424354K [0x00000000d5580000, 0x00000000fb900000, 0x0000000100000000)
  eden space 416256K, 100% used [0x00000000d5580000,0x00000000eec00000,0x00000000eec00000)
  from space 49152K, 16% used [0x00000000eec00000,0x00000000ef3e8ab0,0x00000000f1c00000)
  to   space 48128K, 0% used [0x00000000f8a00000,0x00000000f8a00000,0x00000000fb900000)
 ParOldGen       total 332800K, used 77339K [0x0000000080000000, 0x0000000094500000, 0x00000000d5580000)
  object space 332800K, 23% used [0x0000000080000000,0x0000000084b86dd0,0x0000000094500000)
 Metaspace       used 97440K, capacity 102062K, committed 102568K, reserved 1138688K
  class space    used 12683K, capacity 13583K, committed 13744K, reserved 1048576K
Event: 131.125 GC heap after
Heap after GC invocations=18 (full 4):
 PSYoungGen      total 570880K, used 10210K [0x00000000d5580000, 0x00000000fb400000, 0x0000000100000000)
  eden space 527872K, 0% used [0x00000000d5580000,0x00000000d5580000,0x00000000f5900000)
  from space 43008K, 23% used [0x00000000f8a00000,0x00000000f93f8908,0x00000000fb400000)
  to   space 46592K, 0% used [0x00000000f5900000,0x00000000f5900000,0x00000000f8680000)
 ParOldGen       total 332800K, used 77347K [0x0000000080000000, 0x0000000094500000, 0x00000000d5580000)
  object space 332800K, 23% used [0x0000000080000000,0x0000000084b88dd0,0x0000000094500000)
 Metaspace       used 97440K, capacity 102062K, committed 102568K, reserved 1138688K
  class space    used 12683K, capacity 13583K, committed 13744K, reserved 1048576K
}
Event: 147.149 GC heap before
{Heap before GC invocations=19 (full 4):
 PSYoungGen      total 570880K, used 538082K [0x00000000d5580000, 0x00000000fb400000, 0x0000000100000000)
  eden space 527872K, 100% used [0x00000000d5580000,0x00000000f5900000,0x00000000f5900000)
  from space 43008K, 23% used [0x00000000f8a00000,0x00000000f93f8908,0x00000000fb400000)
  to   space 46592K, 0% used [0x00000000f5900000,0x00000000f5900000,0x00000000f8680000)
 ParOldGen       total 332800K, used 77347K [0x0000000080000000, 0x0000000094500000, 0x00000000d5580000)
  object space 332800K, 23% used [0x0000000080000000,0x0000000084b88dd0,0x0000000094500000)
 Metaspace       used 105945K, capacity 110646K, committed 111016K, reserved 1144832K
  class space    used 13735K, capacity 14633K, committed 14768K, reserved 1048576K
Event: 147.198 GC heap after
Heap after GC invocations=19 (full 4):
 PSYoungGen      total 574464K, used 33403K [0x00000000d5580000, 0x0000000100000000, 0x0000000100000000)
  eden space 527872K, 0% used [0x00000000d5580000,0x00000000d5580000,0x00000000f5900000)
  from space 46592K, 71% used [0x00000000f5900000,0x00000000f799ec30,0x00000000f8680000)
  to   space 49664K, 0% used [0x00000000fcf80000,0x00000000fcf80000,0x0000000100000000)
 ParOldGen       total 332800K, used 77355K [0x0000000080000000, 0x0000000094500000, 0x00000000d5580000)
  object space 332800K, 23% used [0x0000000080000000,0x0000000084b8add0,0x0000000094500000)
 Metaspace       used 105945K, capacity 110646K, committed 111016K, reserved 1144832K
  class space    used 13735K, capacity 14633K, committed 14768K, reserved 1048576K
}
Event: 148.276 GC heap before
{Heap before GC invocations=20 (full 4):
 PSYoungGen      total 574464K, used 561275K [0x00000000d5580000, 0x0000000100000000, 0x0000000100000000)
  eden space 527872K, 100% used [0x00000000d5580000,0x00000000f5900000,0x00000000f5900000)
  from space 46592K, 71% used [0x00000000f5900000,0x00000000f799ec30,0x00000000f8680000)
  to   space 49664K, 0% used [0x00000000fcf80000,0x00000000fcf80000,0x0000000100000000)
 ParOldGen       total 332800K, used 77355K [0x0000000080000000, 0x0000000094500000, 0x00000000d5580000)
  object space 332800K, 23% used [0x0000000080000000,0x0000000084b8add0,0x0000000094500000)
 Metaspace       used 106033K, capacity 110768K, committed 111016K, reserved 1144832K
  class space    used 13741K, capacity 14638K, committed 14768K, reserved 1048576K
Event: 148.323 GC heap after
Heap after GC invocations=20 (full 4):
 PSYoungGen      total 647168K, used 30298K [0x00000000d5580000, 0x0000000100000000, 0x0000000100000000)
  eden space 597504K, 0% used [0x00000000d5580000,0x00000000d5580000,0x00000000f9d00000)
  from space 49664K, 61% used [0x00000000fcf80000,0x00000000fed16a68,0x0000000100000000)
  to   space 50688K, 0% used [0x00000000f9d00000,0x00000000f9d00000,0x00000000fce80000)
 ParOldGen       total 332800K, used 77363K [0x0000000080000000, 0x0000000094500000, 0x00000000d5580000)
  object space 332800K, 23% used [0x0000000080000000,0x0000000084b8cdd0,0x0000000094500000)
 Metaspace       used 106033K, capacity 110768K, committed 111016K, reserved 1144832K
  class space    used 13741K, capacity 14638K, committed 14768K, reserved 1048576K
}
Event: 149.963 GC heap before
{Heap before GC invocations=21 (full 4):
 PSYoungGen      total 647168K, used 627802K [0x00000000d5580000, 0x0000000100000000, 0x0000000100000000)
  eden space 597504K, 100% used [0x00000000d5580000,0x00000000f9d00000,0x00000000f9d00000)
  from space 49664K, 61% used [0x00000000fcf80000,0x00000000fed16a68,0x0000000100000000)
  to   space 50688K, 0% used [0x00000000f9d00000,0x00000000f9d00000,0x00000000fce80000)
 ParOldGen       total 332800K, used 77363K [0x0000000080000000, 0x0000000094500000, 0x00000000d5580000)
  object space 332800K, 23% used [0x0000000080000000,0x0000000084b8cdd0,0x0000000094500000)
 Metaspace       used 106083K, capacity 110782K, committed 111016K, reserved 1144832K
  class space    used 13741K, capacity 14639K, committed 14768K, reserved 1048576K
Event: 150.015 GC heap after
Heap after GC invocations=21 (full 4):
 PSYoungGen      total 631808K, used 33972K [0x00000000d5580000, 0x0000000100000000, 0x0000000100000000)
  eden space 597504K, 0% used [0x00000000d5580000,0x00000000d5580000,0x00000000f9d00000)
  from space 34304K, 99% used [0x00000000f9d00000,0x00000000fbe2d1e0,0x00000000fbe80000)
  to   space 52736K, 0% used [0x00000000fcc80000,0x00000000fcc80000,0x0000000100000000)
 ParOldGen       total 332800K, used 77363K [0x0000000080000000, 0x0000000094500000, 0x00000000d5580000)
  object space 332800K, 23% used [0x0000000080000000,0x0000000084b8cdd0,0x0000000094500000)
 Metaspace       used 106083K, capacity 110782K, committed 111016K, reserved 1144832K
  class space    used 13741K, capacity 14639K, committed 14768K, reserved 1048576K
}
Event: 152.671 GC heap before
{Heap before GC invocations=22 (full 4):
 PSYoungGen      total 631808K, used 631476K [0x00000000d5580000, 0x0000000100000000, 0x0000000100000000)
  eden space 597504K, 100% used [0x00000000d5580000,0x00000000f9d00000,0x00000000f9d00000)
  from space 34304K, 99% used [0x00000000f9d00000,0x00000000fbe2d1e0,0x00000000fbe80000)
  to   space 52736K, 0% used [0x00000000fcc80000,0x00000000fcc80000,0x0000000100000000)
 ParOldGen       total 332800K, used 77363K [0x0000000080000000, 0x0000000094500000, 0x00000000d5580000)
  object space 332800K, 23% used [0x0000000080000000,0x0000000084b8cdd0,0x0000000094500000)
 Metaspace       used 107095K, capacity 112042K, committed 112168K, reserved 1146880K
  class space    used 13859K, capacity 14825K, committed 14896K, reserved 1048576K
Event: 152.793 GC heap after
Heap after GC invocations=22 (full 4):
 PSYoungGen      total 647168K, used 27013K [0x00000000d5580000, 0x0000000100000000, 0x0000000100000000)
  eden space 594432K, 0% used [0x00000000d5580000,0x00000000d5580000,0x00000000f9a00000)
  from space 52736K, 51% used [0x00000000fcc80000,0x00000000fe6e14d0,0x0000000100000000)
  to   space 51712K, 0% used [0x00000000f9a00000,0x00000000f9a00000,0x00000000fcc80000)
 ParOldGen       total 332800K, used 82966K [0x0000000080000000, 0x0000000094500000, 0x00000000d5580000)
  object space 332800K, 24% used [0x0000000080000000,0x0000000085105a60,0x0000000094500000)
 Metaspace       used 107095K, capacity 112042K, committed 112168K, reserved 1146880K
  class space    used 13859K, capacity 14825K, committed 14896K, reserved 1048576K
}

